<?xml version="1.0" encoding="UTF-8"?>
<!-- Generated by org.testng.reporters.JUnitXMLReporter -->
<testsuite ignored="0" hostname="Neil-Rajurkar.local" failures="2" tests="3" name="Test" time="5.596" errors="0" timestamp="2023-07-28T15:01:22 IST">
  <testcase classname="testng.Testn" name="test1" time="5.046"/>
  <testcase classname="testng.Testn" name="test2" time="0.005">
    <failure type="java.lang.AssertionError" message="null">
      <![CDATA[java.lang.AssertionError: null
at testng.Testn.test2(Testn.java:69)
at java.base/java.util.ArrayList.forEach(ArrayList.java:1511)
... Removed 27 stack frames]]>
    </failure>
  </testcase> <!-- test2 -->
  <testcase classname="testng.Testn" name="test3" time="0.003">
    <failure type="java.lang.AssertionError" message="null">
      <![CDATA[java.lang.AssertionError: null
at testng.Testn.test3(Testn.java:79)
at java.base/java.util.ArrayList.forEach(ArrayList.java:1511)
... Removed 27 stack frames]]>
    </failure>
  </testcase> <!-- test3 -->
</testsuite> <!-- Test -->
